{"/Users/stalinchristopherdsouza/Documents/Agent_workflow/ExpoCICDTest/src/query/queryClient.ts": {"path":"/Users/stalinchristopherdsouza/Documents/Agent_workflow/ExpoCICDTest/src/query/queryClient.ts","statementMap":{"0":{"start":{"line":3,"column":27},"end":{"line":14,"column":2}}},"fnMap":{},"branchMap":{},"s":{"0":1},"f":{},"b":{},"_coverageSchema":"1a1c01bbd47fc00a2c39e90264f33305004495a9","hash":"686f1aa5a58b4c5202f3038d57dfa64d0e88896c"}
,"/Users/stalinchristopherdsouza/Documents/Agent_workflow/ExpoCICDTest/src/theme/AppColors.ts": {"path":"/Users/stalinchristopherdsouza/Documents/Agent_workflow/ExpoCICDTest/src/theme/AppColors.ts","statementMap":{"0":{"start":{"line":24,"column":38},"end":{"line":45,"column":1}},"1":{"start":{"line":47,"column":37},"end":{"line":68,"column":1}}},"fnMap":{},"branchMap":{},"s":{"0":1,"1":1},"f":{},"b":{},"_coverageSchema":"1a1c01bbd47fc00a2c39e90264f33305004495a9","hash":"40718b258f622c0b3caed2f069865ba5a508e82d"}
,"/Users/stalinchristopherdsouza/Documents/Agent_workflow/ExpoCICDTest/src/third-party/i18n/getDeviceLanguageTag.ts": {"path":"/Users/stalinchristopherdsouza/Documents/Agent_workflow/ExpoCICDTest/src/third-party/i18n/getDeviceLanguageTag.ts","statementMap":{"0":{"start":{"line":4,"column":15},"end":{"line":4,"column":27}},"1":{"start":{"line":5,"column":2},"end":{"line":5,"column":38}}},"fnMap":{"0":{"name":"getDeviceLanguageTag","decl":{"start":{"line":3,"column":16},"end":{"line":3,"column":36}},"loc":{"start":{"line":3,"column":47},"end":{"line":6,"column":1}},"line":3}},"branchMap":{"0":{"loc":{"start":{"line":5,"column":9},"end":{"line":5,"column":37}},"type":"binary-expr","locations":[{"start":{"line":5,"column":9},"end":{"line":5,"column":29}},{"start":{"line":5,"column":33},"end":{"line":5,"column":37}}],"line":5}},"s":{"0":1,"1":1},"f":{"0":1},"b":{"0":[1,0]},"_coverageSchema":"1a1c01bbd47fc00a2c39e90264f33305004495a9","hash":"3970ab3bdee40801b559affe5bc8cba4ad535aa0"}
,"/Users/stalinchristopherdsouza/Documents/Agent_workflow/ExpoCICDTest/src/third-party/i18n/i18n.ts": {"path":"/Users/stalinchristopherdsouza/Documents/Agent_workflow/ExpoCICDTest/src/third-party/i18n/i18n.ts","statementMap":{"0":{"start":{"line":11,"column":0},"end":{"line":23,"column":3}},"1":{"start":{"line":25,"column":0},"end":{"line":25,"column":40}}},"fnMap":{},"branchMap":{},"s":{"0":1,"1":1},"f":{},"b":{},"_coverageSchema":"1a1c01bbd47fc00a2c39e90264f33305004495a9","hash":"fa36d9cae37a89f4baf0b5eae45aa462fd03ca35"}
}
